<?xml version="1.0" encoding="UTF-8"?>
<robot generator="Robot 6.0.2 (Python 3.11.1 on darwin)" generated="20230221 18:27:44.430" rpa="false" schemaversion="3">
<suite id="s1" name="Test Robotframework Bova" source="/Users/admin/Documents/projects/test_robotframework_bova">
<suite id="s1-s1" name="Test Login Rf" source="/Users/admin/Documents/projects/test_robotframework_bova/test_login_rf.robot">
<test id="s1-s1-t1" name="Add a match" line="106">
<kw name="Open login page">
<kw name="Open Browser" library="SeleniumLibrary">
<arg>${LOGIN URL}</arg>
<arg>${BROWSER}</arg>
<doc>Opens a new browser instance to the optional ``url``.</doc>
<msg timestamp="20230221 18:27:44.634" level="INFO">Opening browser 'Chrome' to base url 'https://scouts.futbolkolektyw.pl/en/'.</msg>
<status status="PASS" starttime="20230221 18:27:44.633" endtime="20230221 18:27:46.925"/>
</kw>
<kw name="Title Should Be" library="SeleniumLibrary">
<arg>Scouts panel - sign in</arg>
<doc>Verifies that the current page title equals ``title``.</doc>
<msg timestamp="20230221 18:27:46.931" level="INFO">Page title is 'Scouts panel - sign in'.</msg>
<status status="PASS" starttime="20230221 18:27:46.926" endtime="20230221 18:27:46.931"/>
</kw>
<status status="PASS" starttime="20230221 18:27:44.633" endtime="20230221 18:27:46.931"/>
</kw>
<kw name="Type in email">
<kw name="Input Text" library="SeleniumLibrary">
<arg>${IMAILINPUT}</arg>
<arg>user04@getnada.com</arg>
<doc>Types the given ``text`` into the text field identified by ``locator``.</doc>
<msg timestamp="20230221 18:27:46.934" level="INFO">Typing text 'user04@getnada.com' into text field 'xpath=//*[@id='login']'.</msg>
<status status="PASS" starttime="20230221 18:27:46.932" endtime="20230221 18:27:47.176"/>
</kw>
<status status="PASS" starttime="20230221 18:27:46.932" endtime="20230221 18:27:47.177"/>
</kw>
<kw name="Type in password">
<kw name="Input Text" library="SeleniumLibrary">
<arg>${PASSWORDINPUT}</arg>
<arg>Test-1234</arg>
<doc>Types the given ``text`` into the text field identified by ``locator``.</doc>
<msg timestamp="20230221 18:27:47.178" level="INFO">Typing text 'Test-1234' into text field 'xpath=//*[@id='password']'.</msg>
<status status="PASS" starttime="20230221 18:27:47.178" endtime="20230221 18:27:47.274"/>
</kw>
<status status="PASS" starttime="20230221 18:27:47.177" endtime="20230221 18:27:47.274"/>
</kw>
<kw name="Click on the Sign in button">
<kw name="Click Element" library="SeleniumLibrary">
<arg>${SIGNINBUTTON}</arg>
<doc>Click the element identified by ``locator``.</doc>
<msg timestamp="20230221 18:27:47.275" level="INFO">Clicking element 'xpath=//*[(text()='Sign in')]'.</msg>
<status status="PASS" starttime="20230221 18:27:47.275" endtime="20230221 18:27:47.326"/>
</kw>
<status status="PASS" starttime="20230221 18:27:47.274" endtime="20230221 18:27:47.327"/>
</kw>
<kw name="Click on the Players button">
<kw name="Wait Until Element Is Visible" library="SeleniumLibrary">
<arg>${PAGELOGO}</arg>
<doc>Waits until the element ``locator`` is visible.</doc>
<status status="PASS" starttime="20230221 18:27:47.327" endtime="20230221 18:27:48.403"/>
</kw>
<kw name="Click Element" library="SeleniumLibrary">
<arg>${PLAYERSBUTTON}</arg>
<doc>Click the element identified by ``locator``.</doc>
<msg timestamp="20230221 18:27:48.404" level="INFO">Clicking element 'xpath=//*[text()='Players']'.</msg>
<status status="PASS" starttime="20230221 18:27:48.403" endtime="20230221 18:27:48.477"/>
</kw>
<status status="PASS" starttime="20230221 18:27:47.327" endtime="20230221 18:27:48.477"/>
</kw>
<kw name="Click on the Filter button">
<kw name="Wait Until Element Is Visible" library="SeleniumLibrary">
<arg>${FILTERBUTTON}</arg>
<doc>Waits until the element ``locator`` is visible.</doc>
<status status="PASS" starttime="20230221 18:27:48.477" endtime="20230221 18:27:49.232"/>
</kw>
<kw name="Click Element" library="SeleniumLibrary">
<arg>${FILTERBUTTON}</arg>
<doc>Click the element identified by ``locator``.</doc>
<msg timestamp="20230221 18:27:49.232" level="INFO">Clicking element 'xpath=//button[@title = 'Filter Table']'.</msg>
<status status="PASS" starttime="20230221 18:27:49.232" endtime="20230221 18:27:49.324"/>
</kw>
<status status="PASS" starttime="20230221 18:27:48.477" endtime="20230221 18:27:49.325"/>
</kw>
<kw name="Type in name filter field">
<kw name="Input Text" library="SeleniumLibrary">
<arg>${NAMEFILTERFIELD}</arg>
<arg>Lava</arg>
<doc>Types the given ``text`` into the text field identified by ``locator``.</doc>
<msg timestamp="20230221 18:27:49.326" level="INFO">Typing text 'Lava' into text field 'xpath=//div[2]/div[1]/div/div/div/input'.</msg>
<status status="PASS" starttime="20230221 18:27:49.325" endtime="20230221 18:27:49.494"/>
</kw>
<status status="PASS" starttime="20230221 18:27:49.325" endtime="20230221 18:27:49.494"/>
</kw>
<kw name="Type in surname filter field">
<kw name="Input Text" library="SeleniumLibrary">
<arg>${SURNAMEFILTERFIELD}</arg>
<arg>Bora</arg>
<doc>Types the given ``text`` into the text field identified by ``locator``.</doc>
<msg timestamp="20230221 18:27:49.495" level="INFO">Typing text 'Bora' into text field 'xpath=//div[2]/div[1]/div/div/input'.</msg>
<status status="PASS" starttime="20230221 18:27:49.494" endtime="20230221 18:27:49.639"/>
</kw>
<status status="PASS" starttime="20230221 18:27:49.494" endtime="20230221 18:27:49.640"/>
</kw>
<kw name="Click on the Close Filter button">
<kw name="Sleep" library="BuiltIn">
<arg>5</arg>
<doc>Pauses the test executed for the given time.</doc>
<msg timestamp="20230221 18:27:54.642" level="INFO">Slept 5 seconds</msg>
<status status="PASS" starttime="20230221 18:27:49.640" endtime="20230221 18:27:54.642"/>
</kw>
<kw name="Click Element" library="SeleniumLibrary">
<arg>${CLOSEFILTERBUTTON}</arg>
<doc>Click the element identified by ``locator``.</doc>
<msg timestamp="20230221 18:27:54.643" level="INFO">Clicking element 'xpath=//*[@aria-label = 'Close']'.</msg>
<status status="PASS" starttime="20230221 18:27:54.642" endtime="20230221 18:27:54.688"/>
</kw>
<status status="PASS" starttime="20230221 18:27:49.640" endtime="20230221 18:27:54.688"/>
</kw>
<kw name="Сlick on the result of filtering">
<kw name="Wait Until Element Is Visible" library="SeleniumLibrary">
<arg>${NAMEFILTERISFILLED}</arg>
<doc>Waits until the element ``locator`` is visible.</doc>
<status status="PASS" starttime="20230221 18:27:54.689" endtime="20230221 18:27:54.706"/>
</kw>
<kw name="Wait Until Element Is Visible" library="SeleniumLibrary">
<arg>${SURNAMEFILTERISFILLED}</arg>
<doc>Waits until the element ``locator`` is visible.</doc>
<status status="PASS" starttime="20230221 18:27:54.707" endtime="20230221 18:27:54.729"/>
</kw>
<kw name="Click Element" library="SeleniumLibrary">
<arg>${RESULTOFFILTERING}</arg>
<doc>Click the element identified by ``locator``.</doc>
<msg timestamp="20230221 18:27:54.730" level="INFO">Clicking element 'xpath=//*[@data-testid='MUIDataTableBodyRow-0']'.</msg>
<status status="PASS" starttime="20230221 18:27:54.729" endtime="20230221 18:27:55.414"/>
</kw>
<status status="PASS" starttime="20230221 18:27:54.688" endtime="20230221 18:27:55.414"/>
</kw>
<kw name="Сlick on the Matches button">
<kw name="Wait Until Element Is Enabled" library="SeleniumLibrary">
<arg>${MATCHESBUTTON}</arg>
<doc>Waits until the element ``locator`` is enabled.</doc>
<status status="PASS" starttime="20230221 18:27:55.415" endtime="20230221 18:27:55.462"/>
</kw>
<kw name="Click Element" library="SeleniumLibrary">
<arg>${MATCHESBUTTON}</arg>
<doc>Click the element identified by ``locator``.</doc>
<msg timestamp="20230221 18:27:55.463" level="INFO">Clicking element 'xpath=//*[text()='Matches']'.</msg>
<status status="PASS" starttime="20230221 18:27:55.462" endtime="20230221 18:27:55.498"/>
</kw>
<status status="PASS" starttime="20230221 18:27:55.415" endtime="20230221 18:27:55.498"/>
</kw>
<kw name="Сlick on the Add match button">
<kw name="Wait Until Element Is Enabled" library="SeleniumLibrary">
<arg>${ADDMATCHBUTTON}</arg>
<doc>Waits until the element ``locator`` is enabled.</doc>
<status status="PASS" starttime="20230221 18:27:55.498" endtime="20230221 18:27:55.752"/>
</kw>
<kw name="Click Element" library="SeleniumLibrary">
<arg>${ADDMATCHBUTTON}</arg>
<doc>Click the element identified by ``locator``.</doc>
<msg timestamp="20230221 18:27:55.753" level="INFO">Clicking element 'xpath=//main/a/button/span[1]'.</msg>
<status status="PASS" starttime="20230221 18:27:55.752" endtime="20230221 18:27:55.861"/>
</kw>
<status status="PASS" starttime="20230221 18:27:55.498" endtime="20230221 18:27:55.861"/>
</kw>
<kw name="Assert Add Match Page">
<kw name="Wait Until Element Is Visible" library="SeleniumLibrary">
<arg>${ADDMATCHTITLE}</arg>
<doc>Waits until the element ``locator`` is visible.</doc>
<msg timestamp="20230221 18:28:01.197" level="INFO" html="true">&lt;/td&gt;&lt;/tr&gt;&lt;tr&gt;&lt;td colspan="3"&gt;&lt;a href="selenium-screenshot-13.png"&gt;&lt;img src="selenium-screenshot-13.png" width="800px"&gt;&lt;/a&gt;</msg>
<msg timestamp="20230221 18:28:01.197" level="FAIL">Element 'xpath=//span[text()="Adding match player Lava Bora"]' not visible after 5 seconds.</msg>
<status status="FAIL" starttime="20230221 18:27:55.862" endtime="20230221 18:28:01.201"/>
</kw>
<status status="FAIL" starttime="20230221 18:27:55.862" endtime="20230221 18:28:01.201"/>
</kw>
<kw name="Type in my team">
<status status="NOT RUN" starttime="20230221 18:28:01.201" endtime="20230221 18:28:01.202"/>
</kw>
<kw name="Type in enemy team">
<status status="NOT RUN" starttime="20230221 18:28:01.202" endtime="20230221 18:28:01.202"/>
</kw>
<kw name="Type in my team score">
<status status="NOT RUN" starttime="20230221 18:28:01.202" endtime="20230221 18:28:01.202"/>
</kw>
<kw name="Type in enemy team score">
<status status="NOT RUN" starttime="20230221 18:28:01.202" endtime="20230221 18:28:01.202"/>
</kw>
<kw name="Type in type in date">
<status status="NOT RUN" starttime="20230221 18:28:01.202" endtime="20230221 18:28:01.202"/>
</kw>
<kw name="Click On The Submit match button">
<status status="NOT RUN" starttime="20230221 18:28:01.202" endtime="20230221 18:28:01.202"/>
</kw>
<kw name="Assert added match page">
<status status="NOT RUN" starttime="20230221 18:28:01.203" endtime="20230221 18:28:01.203"/>
</kw>
<kw name="Close Browser" library="SeleniumLibrary" type="TEARDOWN">
<doc>Closes the current browser.</doc>
<status status="PASS" starttime="20230221 18:28:01.203" endtime="20230221 18:28:01.321"/>
</kw>
<status status="FAIL" starttime="20230221 18:27:44.632" endtime="20230221 18:28:01.321">Element 'xpath=//span[text()="Adding match player Lava Bora"]' not visible after 5 seconds.</status>
</test>
<doc>Suite description</doc>
<status status="FAIL" starttime="20230221 18:27:44.452" endtime="20230221 18:28:01.323"/>
</suite>
<status status="FAIL" starttime="20230221 18:27:44.431" endtime="20230221 18:28:01.326"/>
</suite>
<statistics>
<total>
<stat pass="0" fail="1" skip="0">All Tests</stat>
</total>
<tag>
</tag>
<suite>
<stat pass="0" fail="1" skip="0" id="s1" name="Test Robotframework Bova">Test Robotframework Bova</stat>
<stat pass="0" fail="1" skip="0" id="s1-s1" name="Test Login Rf">Test Robotframework Bova.Test Login Rf</stat>
</suite>
</statistics>
<errors>
</errors>
</robot>
